<?xml version="1.0" encoding="UTF-8"?>
<testng-results skipped="0" failed="0" ignored="0" total="1" passed="1">
  <reporter-output>
  </reporter-output>
  <suite name="Suite1" duration-ms="37" started-at="2019-04-07T15:55:55Z" finished-at="2019-04-07T15:55:55Z">
    <groups>
    </groups>
    <test name="Regression1" duration-ms="37" started-at="2019-04-07T15:55:55Z" finished-at="2019-04-07T15:55:55Z">
      <class name="com.practice.TestNGExample.SampleTestOne">
        <test-method status="PASS" signature="TestMethod()[pri:0, instance:com.practice.TestNGExample.SampleTestOne@29ba4338]" name="TestMethod" duration-ms="9" started-at="2019-04-07T17:55:55Z" finished-at="2019-04-07T17:55:55Z">
          <reporter-output>
          </reporter-output>
        </test-method> <!-- TestMethod -->
      </class> <!-- com.practice.TestNGExample.SampleTestOne -->
    </test> <!-- Regression1 -->
  </suite> <!-- Suite1 -->
</testng-results>
